<?xml version="1.0" encoding="UTF-8" ?>
<testsuite tests="16" failures="1" name="ioc.tukartaserver.server.ServerTest" time="1.293" errors="15" skipped="0">
  <properties>
[...]
</properties>
  <testcase classname="ioc.tukartaserver.server.ServerTest" name="testProcesarPeticion_MensajeSolicitud" time="1.23">
    <error type="java.lang.NullPointerException">java.lang.NullPointerException
	at ioc.tukartaserver.server.Server.procesarPeticion(Server.java:114)
	at ioc.tukartaserver.server.ServerTest.testProcesarPeticion_MensajeSolicitud(ServerTest.java:64)
</error>
    <system-out>procesarPeticion
GESTOR BD: Conexión establecida
GESTOR SESIÓN: Iniciado el registro de sesiones
SERVER: creado el server para escuchar el puerto 200
SERVER: USANDO NUEVO SISTEMA
</system-out>
  </testcase>
  <testcase classname="ioc.tukartaserver.server.ServerTest" name="testProcessSignIn_Usuario" time="0">
    <failure message="The test case is a prototype." type="junit.framework.AssertionFailedError">junit.framework.AssertionFailedError: The test case is a prototype.
	at junit.framework.Assert.fail(Assert.java:47)
	at ioc.tukartaserver.server.ServerTest.testProcessSignIn_Usuario(ServerTest.java:102)
</failure>
    <system-out>processSignIn
SERVER: ERROR AL CREAR EL SERVER: Address already in use: NET_Bind
SERVER: creado el server para escuchar el puerto 200
</system-out>
  </testcase>
  <testcase classname="ioc.tukartaserver.server.ServerTest" name="testComprobarSesion" time="0.016">
    <error type="java.lang.NullPointerException">java.lang.NullPointerException
	at ioc.tukartaserver.server.Server.comprobarSesion(Server.java:324)
	at ioc.tukartaserver.server.ServerTest.testComprobarSesion(ServerTest.java:216)
</error>
    <system-out>comprobarSesion
SERVER: ERROR AL CREAR EL SERVER: Address already in use: NET_Bind
SERVER: creado el server para escuchar el puerto 200
</system-out>
  </testcase>
  <testcase classname="ioc.tukartaserver.server.ServerTest" name="testProcesarPeticion_JSONObject" time="0.001">
    <error type="java.lang.NullPointerException">java.lang.NullPointerException
	at ioc.tukartaserver.server.Server.procesarPeticion(Server.java:128)
	at ioc.tukartaserver.server.ServerTest.testProcesarPeticion_JSONObject(ServerTest.java:76)
</error>
    <system-out>procesarPeticion
SERVER: ERROR AL CREAR EL SERVER: Address already in use: NET_Bind
SERVER: creado el server para escuchar el puerto 200
</system-out>
  </testcase>
  <testcase classname="ioc.tukartaserver.server.ServerTest" name="testSendCode_Codes_String" time="0.002">
    <error type="java.lang.NullPointerException">java.lang.NullPointerException
	at ioc.tukartaserver.server.Server.sendCode(Server.java:292)
	at ioc.tukartaserver.server.ServerTest.testSendCode_Codes_String(ServerTest.java:153)
</error>
    <system-out>sendCode
SERVER: ERROR AL CREAR EL SERVER: Address already in use: NET_Bind
SERVER: creado el server para escuchar el puerto 200
</system-out>
  </testcase>
  <testcase classname="ioc.tukartaserver.server.ServerTest" name="testProcessSignIn_5args" time="0">
    <error type="java.lang.NullPointerException">java.lang.NullPointerException
	at ioc.tukartaserver.server.Server.processSignIn(Server.java:239)
	at ioc.tukartaserver.server.ServerTest.testProcessSignIn_5args(ServerTest.java:116)
</error>
    <system-out>processSignIn
SERVER: ERROR AL CREAR EL SERVER: Address already in use: NET_Bind
SERVER: creado el server para escuchar el puerto 200
SERVER: Accediendo a la base de datos.
</system-out>
  </testcase>
  <testcase classname="ioc.tukartaserver.server.ServerTest" name="testProcessLogin" time="0.001">
    <error type="java.lang.NullPointerException">java.lang.NullPointerException
	at ioc.tukartaserver.server.Server.processLogin(Server.java:208)
	at ioc.tukartaserver.server.ServerTest.testProcessLogin(ServerTest.java:88)
</error>
    <system-out>processLogin
SERVER: ERROR AL CREAR EL SERVER: Address already in use: NET_Bind
SERVER: creado el server para escuchar el puerto 200
SERVER: Accediendo a la base de datos.
</system-out>
  </testcase>
  <testcase classname="ioc.tukartaserver.server.ServerTest" name="testStartServer" time="0.001">
    <error type="java.lang.NullPointerException">java.lang.NullPointerException
	at ioc.tukartaserver.server.Server.startServer(Server.java:69)
	at ioc.tukartaserver.server.ServerTest.testStartServer(ServerTest.java:41)
</error>
    <system-out>startServer
SERVER: ERROR AL CREAR EL SERVER: Address already in use: NET_Bind
SERVER: creado el server para escuchar el puerto 200
SERVER: Iniciando server...
</system-out>
  </testcase>
  <testcase classname="ioc.tukartaserver.server.ServerTest" name="testCloseServer" time="0.001">
    <error type="java.lang.NullPointerException">java.lang.NullPointerException
	at ioc.tukartaserver.server.Server.closeServer(Server.java:101)
	at ioc.tukartaserver.server.ServerTest.testCloseServer(ServerTest.java:52)
</error>
    <system-out>closeServer
SERVER: ERROR AL CREAR EL SERVER: Address already in use: NET_Bind
SERVER: creado el server para escuchar el puerto 200
</system-out>
  </testcase>
  <testcase classname="ioc.tukartaserver.server.ServerTest" name="testPrepareCode" time="0.005">
    <error type="java.lang.NullPointerException">java.lang.NullPointerException
	at ioc.tukartaserver.server.Server.prepareCode(Server.java:318)
	at ioc.tukartaserver.server.ServerTest.testPrepareCode(ServerTest.java:202)
</error>
    <system-out>prepareCode
SERVER: ERROR AL CREAR EL SERVER: Address already in use: NET_Bind
SERVER: creado el server para escuchar el puerto 200
</system-out>
  </testcase>
  <testcase classname="ioc.tukartaserver.server.ServerTest" name="testSendCode_Codes" time="0.003">
    <error type="java.lang.NullPointerException">java.lang.NullPointerException
	at ioc.tukartaserver.server.Server.sendCode(Server.java:299)
	at ioc.tukartaserver.server.ServerTest.testSendCode_Codes(ServerTest.java:165)
</error>
    <system-out>sendCode
SERVER: ERROR AL CREAR EL SERVER: Address already in use: NET_Bind
SERVER: creado el server para escuchar el puerto 200
</system-out>
  </testcase>
  <testcase classname="ioc.tukartaserver.server.ServerTest" name="testSend" time="0.002">
    <error type="java.lang.NullPointerException">java.lang.NullPointerException
	at ioc.tukartaserver.server.Server.send(Server.java:312)
	at ioc.tukartaserver.server.ServerTest.testSend(ServerTest.java:189)
</error>
    <system-out>send
SERVER: ERROR AL CREAR EL SERVER: Address already in use: NET_Bind
SERVER: creado el server para escuchar el puerto 200
</system-out>
  </testcase>
  <testcase classname="ioc.tukartaserver.server.ServerTest" name="testSendRespuesta" time="0.002">
    <error type="java.lang.NullPointerException">java.lang.NullPointerException
	at ioc.tukartaserver.server.Server.sendRespuesta(Server.java:305)
	at ioc.tukartaserver.server.ServerTest.testSendRespuesta(ServerTest.java:177)
</error>
    <system-out>sendRespuesta
SERVER: ERROR AL CREAR EL SERVER: Address already in use: NET_Bind
SERVER: creado el server para escuchar el puerto 200
</system-out>
  </testcase>
  <testcase classname="ioc.tukartaserver.server.ServerTest" name="testProcessModify" time="0.002">
    <error type="java.lang.NullPointerException">java.lang.NullPointerException
	at ioc.tukartaserver.server.Server.comprobarSesion(Server.java:324)
	at ioc.tukartaserver.server.Server.processModify(Server.java:250)
	at ioc.tukartaserver.server.ServerTest.testProcessModify(ServerTest.java:128)
</error>
    <system-out>processModify
SERVER: ERROR AL CREAR EL SERVER: Address already in use: NET_Bind
SERVER: creado el server para escuchar el puerto 200
</system-out>
  </testcase>
  <testcase classname="ioc.tukartaserver.server.ServerTest" name="testProcessLogOff" time="0.002">
    <error type="java.lang.NullPointerException">java.lang.NullPointerException
	at ioc.tukartaserver.server.Server.comprobarSesion(Server.java:324)
	at ioc.tukartaserver.server.Server.processLogOff(Server.java:278)
	at ioc.tukartaserver.server.ServerTest.testProcessLogOff(ServerTest.java:140)
</error>
    <system-out>processLogOff
SERVER: ERROR AL CREAR EL SERVER: Address already in use: NET_Bind
SERVER: creado el server para escuchar el puerto 200
</system-out>
  </testcase>
  <testcase classname="ioc.tukartaserver.server.ServerTest" name="testEndConnection" time="0.025">
    <error type="java.lang.NullPointerException">java.lang.NullPointerException
	at ioc.tukartaserver.server.Server.sendRespuesta(Server.java:305)
	at ioc.tukartaserver.server.Server.endConnection(Server.java:335)
	at ioc.tukartaserver.server.ServerTest.testEndConnection(ServerTest.java:228)
</error>
    <system-out>endConnection
SERVER: ERROR AL CREAR EL SERVER: Address already in use: NET_Bind
SERVER: creado el server para escuchar el puerto 200
GESTOR DE CÓDIGOS: Iniciando listado de códigos
GESTOR DE CÓDIGOS: Códigos iniciados con éxito
SERVER: mensaje enviado:
------
MENSAJE:
Código: 90//Mensaje: Finalizar conexión
Petición respondida: Conexión
Datos extras: Gracias por todo
</system-out>
  </testcase>
</testsuite>