<?xml version="1.0" encoding="UTF-8" ?>
<testsuite tests="17" failures="0" name="ioc.tukartaserver.gestorDB.GestorDBTest" time="0.175" errors="1" skipped="0">
  <properties>
[...]
</properties>
  <testcase classname="ioc.tukartaserver.gestorDB.GestorDBTest" name="selectUserData_empleadoOK" time="0.131"/>
  <testcase classname="ioc.tukartaserver.gestorDB.GestorDBTest" name="selectUserData_gestorOK" time="0.001"/>
  <testcase classname="ioc.tukartaserver.gestorDB.GestorDBTest" name="login_usuarioNoEncontradoAdmin" time="0.005"/>
  <testcase classname="ioc.tukartaserver.gestorDB.GestorDBTest" name="login_usuarioEncontradoNoAdmin" time="0.003"/>
  <testcase classname="ioc.tukartaserver.gestorDB.GestorDBTest" name="selectUserData_EmpleadoOK" time="0"/>
  <testcase classname="ioc.tukartaserver.gestorDB.GestorDBTest" name="constructorSentenciaLoginAdmin" time="0.01"/>
  <testcase classname="ioc.tukartaserver.gestorDB.GestorDBTest" name="construirUserFromResult_GestorOK" time="0.002"/>
  <testcase classname="ioc.tukartaserver.gestorDB.GestorDBTest" name="datosNullLogin" time="0.001"/>
  <testcase classname="ioc.tukartaserver.gestorDB.GestorDBTest" name="login_usuarioEncontradoPassOkAdmin" time="0.003"/>
  <testcase classname="ioc.tukartaserver.gestorDB.GestorDBTest" name="construirUserFromResult_EmpleadoOK" time="0.008">
    <error type="java.lang.NullPointerException">java.lang.NullPointerException
	at ioc.tukartaserver.model.Empleado.toString(Empleado.java:219)
	at ioc.tukartaserver.gestorDB.GestorDBTest.construirUserFromResult_EmpleadoOK(GestorDBTest.java:317)
	at java.base/jdk.internal.reflect.NativeMethodAccessorImpl.invoke0(Native Method)
	at java.base/jdk.internal.reflect.NativeMethodAccessorImpl.invoke(NativeMethodAccessorImpl.java:62)
	at java.base/jdk.internal.reflect.DelegatingMethodAccessorImpl.invoke(DelegatingMethodAccessorImpl.java:43)
	at java.base/java.lang.reflect.Method.invoke(Method.java:566)
	at org.junit.runners.model.FrameworkMethod$1.runReflectiveCall(FrameworkMethod.java:59)
	at org.junit.internal.runners.model.ReflectiveCallable.run(ReflectiveCallable.java:12)
	at org.junit.runners.model.FrameworkMethod.invokeExplosively(FrameworkMethod.java:56)
	at org.junit.internal.runners.statements.InvokeMethod.evaluate(InvokeMethod.java:17)
	at org.junit.internal.runners.statements.RunBefores.evaluate(RunBefores.java:26)
	at org.junit.internal.runners.statements.RunAfters.evaluate(RunAfters.java:27)
	at org.junit.runners.ParentRunner$3.evaluate(ParentRunner.java:306)
	at org.junit.runners.BlockJUnit4ClassRunner$1.evaluate(BlockJUnit4ClassRunner.java:100)
	at org.junit.runners.ParentRunner.runLeaf(ParentRunner.java:366)
	at org.junit.runners.BlockJUnit4ClassRunner.runChild(BlockJUnit4ClassRunner.java:103)
	at org.junit.runners.BlockJUnit4ClassRunner.runChild(BlockJUnit4ClassRunner.java:63)
	at org.junit.runners.ParentRunner$4.run(ParentRunner.java:331)
	at org.junit.runners.ParentRunner$1.schedule(ParentRunner.java:79)
	at org.junit.runners.ParentRunner.runChildren(ParentRunner.java:329)
	at org.junit.runners.ParentRunner.access$100(ParentRunner.java:66)
	at org.junit.runners.ParentRunner$2.evaluate(ParentRunner.java:293)
	at org.junit.internal.runners.statements.RunBefores.evaluate(RunBefores.java:26)
	at org.junit.internal.runners.statements.RunAfters.evaluate(RunAfters.java:27)
	at org.junit.runners.ParentRunner$3.evaluate(ParentRunner.java:306)
	at org.junit.runners.ParentRunner.run(ParentRunner.java:413)
	at org.apache.maven.surefire.junit4.JUnit4Provider.execute(JUnit4Provider.java:252)
	at org.apache.maven.surefire.junit4.JUnit4Provider.executeTestSet(JUnit4Provider.java:141)
	at org.apache.maven.surefire.junit4.JUnit4Provider.invoke(JUnit4Provider.java:112)
	at java.base/jdk.internal.reflect.NativeMethodAccessorImpl.invoke0(Native Method)
	at java.base/jdk.internal.reflect.NativeMethodAccessorImpl.invoke(NativeMethodAccessorImpl.java:62)
	at java.base/jdk.internal.reflect.DelegatingMethodAccessorImpl.invoke(DelegatingMethodAccessorImpl.java:43)
	at java.base/java.lang.reflect.Method.invoke(Method.java:566)
	at org.apache.maven.surefire.util.ReflectionUtils.invokeMethodWithArray(ReflectionUtils.java:189)
	at org.apache.maven.surefire.booter.ProviderFactory$ProviderProxy.invoke(ProviderFactory.java:165)
	at org.apache.maven.surefire.booter.ProviderFactory.invokeProvider(ProviderFactory.java:85)
	at org.apache.maven.surefire.booter.ForkedBooter.runSuitesInProcess(ForkedBooter.java:115)
	at org.apache.maven.surefire.booter.ForkedBooter.main(ForkedBooter.java:75)
</error>
  </testcase>
  <testcase classname="ioc.tukartaserver.gestorDB.GestorDBTest" name="login_usuarioEncontradoPassOkNoAdmin" time="0.001"/>
  <testcase classname="ioc.tukartaserver.gestorDB.GestorDBTest" name="selectUserData_usuarioNoExiste" time="0.001"/>
  <testcase classname="ioc.tukartaserver.gestorDB.GestorDBTest" name="login_usuarioEncontradoNoPassAdmin" time="0.003"/>
  <testcase classname="ioc.tukartaserver.gestorDB.GestorDBTest" name="login_usuarioEncontradoNoPassNoAdmin" time="0.002"/>
  <testcase classname="ioc.tukartaserver.gestorDB.GestorDBTest" name="constructorSentenciaLoginNoAdmin" time="0"/>
  <testcase classname="ioc.tukartaserver.gestorDB.GestorDBTest" name="login_usuarioNoEncontradoNoAdmin" time="0.004"/>
  <testcase classname="ioc.tukartaserver.gestorDB.GestorDBTest" name="datosNullLoginAdmin" time="0"/>
</testsuite>