<?xml version="1.0" encoding="UTF-8" ?>
<testsuite tests="12" failures="0" name="ioc.tukartaserver.security.GestorSesionTest" time="0.014" errors="0" skipped="0">
  <properties>
[...]
</properties>
  <testcase classname="ioc.tukartaserver.security.GestorSesionTest" name="testIsTokenStringSesionExiste" time="0.007"/>
  <testcase classname="ioc.tukartaserver.security.GestorSesionTest" name="testRemoveSesionTokenNull" time="0"/>
  <testcase classname="ioc.tukartaserver.security.GestorSesionTest" name="testIsTokenUserConSesion" time="0"/>
  <testcase classname="ioc.tukartaserver.security.GestorSesionTest" name="testRemoveSesionElimina" time="0"/>
  <testcase classname="ioc.tukartaserver.security.GestorSesionTest" name="testAddSesionSesionExiste" time="0.002"/>
  <testcase classname="ioc.tukartaserver.security.GestorSesionTest" name="testAddSesionSesionTokenNull" time="0"/>
  <testcase classname="ioc.tukartaserver.security.GestorSesionTest" name="testIsTokenStringNull" time="0.001"/>
  <testcase classname="ioc.tukartaserver.security.GestorSesionTest" name="testIsTokenUserNull" time="0"/>
  <testcase classname="ioc.tukartaserver.security.GestorSesionTest" name="testAddSesionSesionNoExiste" time="0.001"/>
  <testcase classname="ioc.tukartaserver.security.GestorSesionTest" name="testIsTokenStringSesionNoExiste" time="0.002"/>
  <testcase classname="ioc.tukartaserver.security.GestorSesionTest" name="testRemoveSesionNoElimina" time="0"/>
  <testcase classname="ioc.tukartaserver.security.GestorSesionTest" name="testIsTokenUserSinSesion" time="0.001"/>
</testsuite>